ERROR:root:Erro ao executar o script
Traceback (most recent call last):
  File "c:\projetos\scrap-ifind\scrap-ifind-novo-2\main.py", line 28, in ifind
    if(ifindInstancia.driver.usar is True):
  File "C:\Users\fernando.santos\AppData\Local\Programs\Python\Python39\lib\site-packages\undetected_chromedriver\__init__.py", line 751, in __getattribute__
    return super().__getattribute__(item)
AttributeError: 'Chrome' object has no attribute 'usar'
DEBUG:selenium.webdriver.remote.remote_connection:DELETE http://localhost:52051/session/4ec9b6e14a9844e26e10e5628d87ac44/window {}
DEBUG:urllib3.connectionpool:http://localhost:52051 "DELETE /session/4ec9b6e14a9844e26e10e5628d87ac44/window HTTP/1.1" 200 12
DEBUG:selenium.webdriver.remote.remote_connection:Remote response: status=200 | data={"value":[]} | headers=HTTPHeaderDict({'Content-Length': '12', 'Content-Type': 'application/json; charset=utf-8', 'cache-control': 'no-cache'})
DEBUG:selenium.webdriver.remote.remote_connection:Finished Request
DEBUG:undetected_chromedriver.patcher:successfully unlinked C:\Users\fernando.santos\appdata\roaming\undetected_chromedriver\undetected_chromedriver.exe
DEBUG:undetected_chromedriver.patcher:getting release number from /LATEST_RELEASE
DEBUG:undetected_chromedriver.patcher:downloading from https://chromedriver.storage.googleapis.com/113.0.5672.63/chromedriver_win32.zip
DEBUG:undetected_chromedriver.patcher:unzipping C:\Users\FERNAN~1.SAN\AppData\Local\Temp\tmpv6oq9_jc
INFO:undetected_chromedriver.patcher:patching driver executable C:\Users\fernando.santos\appdata\roaming\undetected_chromedriver\undetected_chromedriver.exe
DEBUG:undetected_chromedriver.patcher:found block:
b'{window.cdc_adoQpoasnfa76pfcZLmcfl_Array = window.Array;window.cdc_adoQpoasnfa76pfcZLmcfl_Object = window.Object;window.cdc_adoQpoasnfa76pfcZLmcfl_Promise = window.Promise;window.cdc_adoQpoasnfa76pfcZLmcfl_Proxy = window.Proxy;window.cdc_adoQpoasnfa76pfcZLmcfl_Symbol = window.Symbol;}'
replacing with:
b'{console.log("undetected chromedriver 1337!")}                                                                                                                                                                                                                                               '
DEBUG:undetected_chromedriver.patcher:patching took us 0.51 seconds
DEBUG:selenium.webdriver.common.service:Started executable: `C:\Users\fernando.santos\appdata\roaming\undetected_chromedriver\undetected_chromedriver.exe` in a child process with pid: 6892
DEBUG:selenium.webdriver.remote.remote_connection:POST http://localhost:52077/session {"capabilities": {"firstMatch": [{}], "alwaysMatch": {"browserName": "chrome", "pageLoadStrategy": "normal", "goog:chromeOptions": {"extensions": [], "binary": "C:\\Program Files\\Google\\Chrome\\Application\\chrome.exe", "args": ["--profile-directory=Default", "start-maximized", "--disable-extensions", "--disable-application-cache", "--disable-gpu", "--no-sandbox", "--disable-setuid-sandbox", "--disable-dev-shm-usage", "--remote-debugging-host=127.0.0.1", "--remote-debugging-port=52076", "--headless", "--user-data-dir=C:\\Users\\FERNAN~1.SAN\\AppData\\Local\\Temp\\tmplral2krl", "--lang=pt-BR", "--no-default-browser-check", "--no-first-run", "--no-sandbox", "--test-type", "--headless=new", "--window-size=1920,1080", "--start-maximized", "--no-sandbox", "--log-level=0"], "debuggerAddress": "127.0.0.1:52076"}}}}
DEBUG:urllib3.connectionpool:Starting new HTTP connection (1): localhost:52077
DEBUG:urllib3.connectionpool:http://localhost:52077 "POST /session HTTP/1.1" 200 737
DEBUG:selenium.webdriver.remote.remote_connection:Remote response: status=200 | data={"value":{"capabilities":{"acceptInsecureCerts":false,"browserName":"chrome","browserVersion":"113.0.5672.64","chrome":{"chromedriverVersion":"113.0.5672.63 (0e1a4471d5ae5bf128b1bd8f4d627c8cbd55f70c-refs/branch-heads/5672@{#912})"},"goog:chromeOptions":{"debuggerAddress":"127.0.0.1:52076"},"pageLoadStrategy":"normal","platformName":"","proxy":{},"setWindowRect":false,"strictFileInteractability":false,"timeouts":{"implicit":0,"pageLoad":300000,"script":30000},"unhandledPromptBehavior":"dismiss and notify","webauthn:extension:credBlob":true,"webauthn:extension:largeBlob":true,"webauthn:extension:minPinLength":true,"webauthn:extension:prf":true,"webauthn:virtualAuthenticators":true},"sessionId":"8df5f9685efd2741ac9f9a729514d1fa"}} | headers=HTTPHeaderDict({'Content-Length': '737', 'Content-Type': 'application/json; charset=utf-8', 'cache-control': 'no-cache'})
DEBUG:selenium.webdriver.remote.remote_connection:Finished Request
DEBUG:selenium.webdriver.remote.remote_connection:POST http://localhost:52077/session/8df5f9685efd2741ac9f9a729514d1fa/timeouts {"implicit": 3000}
DEBUG:urllib3.connectionpool:http://localhost:52077 "POST /session/8df5f9685efd2741ac9f9a729514d1fa/timeouts HTTP/1.1" 200 14
DEBUG:selenium.webdriver.remote.remote_connection:Remote response: status=200 | data={"value":null} | headers=HTTPHeaderDict({'Content-Length': '14', 'Content-Type': 'application/json; charset=utf-8', 'cache-control': 'no-cache'})
DEBUG:selenium.webdriver.remote.remote_connection:Finished Request
DEBUG:selenium.webdriver.remote.remote_connection:POST http://localhost:52077/session/8df5f9685efd2741ac9f9a729514d1fa/execute/sync {"script": "return navigator.webdriver", "args": []}
DEBUG:urllib3.connectionpool:http://localhost:52077 "POST /session/8df5f9685efd2741ac9f9a729514d1fa/execute/sync HTTP/1.1" 200 15
DEBUG:selenium.webdriver.remote.remote_connection:Remote response: status=200 | data={"value":false} | headers=HTTPHeaderDict({'Content-Length': '15', 'Content-Type': 'application/json; charset=utf-8', 'cache-control': 'no-cache'})
DEBUG:selenium.webdriver.remote.remote_connection:Finished Request
DEBUG:selenium.webdriver.remote.remote_connection:POST http://localhost:52077/session/8df5f9685efd2741ac9f9a729514d1fa/url {"url": "https://www.google.com.br"}
DEBUG:urllib3.connectionpool:http://localhost:52077 "POST /session/8df5f9685efd2741ac9f9a729514d1fa/url HTTP/1.1" 200 14
DEBUG:selenium.webdriver.remote.remote_connection:Remote response: status=200 | data={"value":null} | headers=HTTPHeaderDict({'Content-Length': '14', 'Content-Type': 'application/json; charset=utf-8', 'cache-control': 'no-cache'})
DEBUG:selenium.webdriver.remote.remote_connection:Finished Request
INFO:werkzeug:127.0.0.1 - - [05/May/2023 12:21:37] "[31m[1mGET /ifind?parametro=19128750713&tipoParametro=CPF&tipoConsulta=cnh HTTP/1.1[0m" 400 -
